<?xml version="1.0" encoding="UTF-8"?>
<!-- Generated by org.testng.reporters.JUnitReportReporter -->
<testsuite hostname="DESKTOP-5C57TVP" failures="0" tests="1" name="tests.TextBoxTest" time="13.252" errors="0" timestamp="2023-05-25T17:58:19 ICT" skipped="0">
  <testcase classname="tests.TextBoxTest" name="submitSuccessfully" time="13.252"/>
  <system-out/>
</testsuite> <!-- tests.TextBoxTest -->
